<?xml version="1.0" encoding="UTF-8"?>
<testng-results skipped="0" failed="0" ignored="0" total="1" passed="1">
  <reporter-output>
  </reporter-output>
  <suite name="Default suite" duration-ms="36808" started-at="2018-02-08T22:30:29Z" finished-at="2018-02-08T22:31:06Z">
    <groups>
    </groups>
    <test name="Default test" duration-ms="36808" started-at="2018-02-08T22:30:29Z" finished-at="2018-02-08T22:31:06Z">
      <class name="com.tmv.test.SampleTMV">
        <test-method status="PASS" signature="setup()[pri:0, instance:com.tmv.test.SampleTMV@475530b9]" name="setup" is-config="true" duration-ms="7099" started-at="2018-02-08T16:30:29Z" finished-at="2018-02-08T16:30:36Z">
          <reporter-output>
          </reporter-output>
        </test-method> <!-- setup -->
        <test-method status="PASS" signature="testTmv()[pri:0, instance:com.tmv.test.SampleTMV@475530b9]" name="testTmv" duration-ms="29667" started-at="2018-02-08T16:30:36Z" finished-at="2018-02-08T16:31:06Z">
          <reporter-output>
          </reporter-output>
        </test-method> <!-- testTmv -->
      </class> <!-- com.tmv.test.SampleTMV -->
    </test> <!-- Default test -->
  </suite> <!-- Default suite -->
</testng-results>
